Build started 2020/12/11 星期五 10:35:34.
     1>Project "C:\Users\Michael\Documents\Visual Studio 2010\Projects\Server\Server\Server.vcxproj" on node 2 (build target(s)).
     1>InitializeBuildStatus:
         Creating "Debug\Server.unsuccessfulbuild" because "AlwaysCreate" was specified.
       ClCompile:
         All outputs are up-to-date.
         C:\Program Files (x86)\Microsoft Visual Studio 10.0\VC\bin\CL.exe /c /I../include /ZI /nologo /W3 /WX- /Od /Oy- /D WIN32 /D _DEBUG /D _CONSOLE /D _UNICODE /D UNICODE /Gm /EHsc /RTC1 /MDd /GS /fp:precise /Zc:wchar_t /Zc:forScope /Yu"StdAfx.h" /Fp"Debug\Server.pch" /Fo"Debug\\" /Fd"Debug\vc100.pdb" /Gd /TP /analyze- /errorReport:prompt Server.cpp
         Server.cpp
     1>c:\users\michael\documents\visual studio 2010\projects\server\server\server.cpp(45): warning C4996: 'strcpy': This function or variable may be unsafe. Consider using strcpy_s instead. To disable deprecation, use _CRT_SECURE_NO_WARNINGS. See online help for details.
                 c:\program files (x86)\microsoft visual studio 10.0\vc\include\string.h(105) : see declaration of 'strcpy'
     1>c:\users\michael\documents\visual studio 2010\projects\server\server\server.cpp(79): warning C4996: 'strcpy': This function or variable may be unsafe. Consider using strcpy_s instead. To disable deprecation, use _CRT_SECURE_NO_WARNINGS. See online help for details.
                 c:\program files (x86)\microsoft visual studio 10.0\vc\include\string.h(105) : see declaration of 'strcpy'
     1>c:\users\michael\documents\visual studio 2010\projects\server\server\server.cpp(96): warning C4244: 'initializing' : conversion from 'my_ulonglong' to 'int', possible loss of data
     1>c:\users\michael\documents\visual studio 2010\projects\server\server\server.cpp(135): warning C4996: 'strcpy': This function or variable may be unsafe. Consider using strcpy_s instead. To disable deprecation, use _CRT_SECURE_NO_WARNINGS. See online help for details.
                 c:\program files (x86)\microsoft visual studio 10.0\vc\include\string.h(105) : see declaration of 'strcpy'
     1>c:\users\michael\documents\visual studio 2010\projects\server\server\server.cpp(152): warning C4244: 'initializing' : conversion from 'my_ulonglong' to 'int', possible loss of data
     1>c:\users\michael\documents\visual studio 2010\projects\server\server\server.cpp(189): warning C4996: 'strcpy': This function or variable may be unsafe. Consider using strcpy_s instead. To disable deprecation, use _CRT_SECURE_NO_WARNINGS. See online help for details.
                 c:\program files (x86)\microsoft visual studio 10.0\vc\include\string.h(105) : see declaration of 'strcpy'
     1>c:\users\michael\documents\visual studio 2010\projects\server\server\server.cpp(206): warning C4244: 'initializing' : conversion from 'my_ulonglong' to 'int', possible loss of data
     1>c:\users\michael\documents\visual studio 2010\projects\server\server\server.cpp(235): warning C4996: 'itoa': The POSIX name for this item is deprecated. Instead, use the ISO C++ conformant name: _itoa. See online help for details.
                 c:\program files (x86)\microsoft visual studio 10.0\vc\include\stdlib.h(867) : see declaration of 'itoa'
     1>c:\users\michael\documents\visual studio 2010\projects\server\server\server.cpp(245): warning C4996: 'strcpy': This function or variable may be unsafe. Consider using strcpy_s instead. To disable deprecation, use _CRT_SECURE_NO_WARNINGS. See online help for details.
                 c:\program files (x86)\microsoft visual studio 10.0\vc\include\string.h(105) : see declaration of 'strcpy'
     1>c:\users\michael\documents\visual studio 2010\projects\server\server\server.cpp(261): warning C4244: 'initializing' : conversion from 'my_ulonglong' to 'int', possible loss of data
     1>c:\users\michael\documents\visual studio 2010\projects\server\server\server.cpp(303): warning C4244: 'initializing' : conversion from 'my_ulonglong' to 'int', possible loss of data
     1>c:\users\michael\documents\visual studio 2010\projects\server\server\server.cpp(423): warning C4996: 'strcpy': This function or variable may be unsafe. Consider using strcpy_s instead. To disable deprecation, use _CRT_SECURE_NO_WARNINGS. See online help for details.
                 c:\program files (x86)\microsoft visual studio 10.0\vc\include\string.h(105) : see declaration of 'strcpy'
     1>c:\users\michael\documents\visual studio 2010\projects\server\server\server.cpp(455): warning C4996: 'localtime': This function or variable may be unsafe. Consider using localtime_s instead. To disable deprecation, use _CRT_SECURE_NO_WARNINGS. See online help for details.
                 c:\program files (x86)\microsoft visual studio 10.0\vc\include\time.inl(112) : see declaration of 'localtime'
     1>c:\users\michael\documents\visual studio 2010\projects\server\server\server.cpp(457): warning C4996: 'sprintf': This function or variable may be unsafe. Consider using sprintf_s instead. To disable deprecation, use _CRT_SECURE_NO_WARNINGS. See online help for details.
                 c:\program files (x86)\microsoft visual studio 10.0\vc\include\stdio.h(371) : see declaration of 'sprintf'
       ManifestResourceCompile:
         All outputs are up-to-date.
       Link:
         C:\Program Files (x86)\Microsoft Visual Studio 10.0\VC\bin\link.exe /ERRORREPORT:PROMPT /OUT:"C:\Users\Michael\Documents\Visual Studio 2010\Projects\Server\Debug\Server.exe" /INCREMENTAL /NOLOGO /LIBPATH:../lib ws2_32.lib libmysql.lib /MANIFEST /ManifestFile:"Debug\Server.exe.intermediate.manifest" /MANIFESTUAC:"level='asInvoker' uiAccess='false'" /DEBUG /PDB:"C:\Users\Michael\Documents\Visual Studio 2010\Projects\Server\Debug\Server.pdb" /SUBSYSTEM:CONSOLE /TLBID:1 /DYNAMICBASE /NXCOMPAT /IMPLIB:"C:\Users\Michael\Documents\Visual Studio 2010\Projects\Server\Debug\Server.lib" /MACHINE:X86 Debug\Server.exe.embed.manifest.res
         Debug\Server.obj
         Debug\stdafx.obj
       Manifest:
         C:\Program Files (x86)\Microsoft SDKs\Windows\v7.0A\bin\mt.exe /nologo /verbose /out:"Debug\Server.exe.embed.manifest" /manifest Debug\Server.exe.intermediate.manifest
         All outputs are up-to-date.
       LinkEmbedManifest:
         All outputs are up-to-date.
         Server.vcxproj -> C:\Users\Michael\Documents\Visual Studio 2010\Projects\Server\Debug\Server.exe
       FinalizeBuildStatus:
         Deleting file "Debug\Server.unsuccessfulbuild".
         Touching "Debug\Server.lastbuildstate".
     1>Done Building Project "C:\Users\Michael\Documents\Visual Studio 2010\Projects\Server\Server\Server.vcxproj" (build target(s)).

Build succeeded.

Time Elapsed 00:00:00.84
