C:\USERS\MICHAEL\DOCUMENTS\VISUAL STUDIO 2010\PROJECTS\SERVER\DEBUG\SERVER.EXE
C:\USERS\MICHAEL\DOCUMENTS\VISUAL STUDIO 2010\PROJECTS\SERVER\DEBUG\SERVER.ILK
C:\USERS\MICHAEL\DOCUMENTS\VISUAL STUDIO 2010\PROJECTS\SERVER\DEBUG\SERVER.PDB
C:\Users\Michael\documents\visual studio 2010\Projects\Server\Server\Debug\cl.command.1.tlog
C:\Users\Michael\documents\visual studio 2010\Projects\Server\Server\Debug\CL.read.1.tlog
C:\Users\Michael\documents\visual studio 2010\Projects\Server\Server\Debug\CL.write.1.tlog
C:\Users\Michael\documents\visual studio 2010\Projects\Server\Server\Debug\link.1072.read.1.tlog
C:\Users\Michael\documents\visual studio 2010\Projects\Server\Server\Debug\link.1072.write.1.tlog
C:\Users\Michael\documents\visual studio 2010\Projects\Server\Server\Debug\link.1072-cvtres.read.1.tlog
C:\Users\Michael\documents\visual studio 2010\Projects\Server\Server\Debug\link.1072-cvtres.write.1.tlog
C:\Users\Michael\documents\visual studio 2010\Projects\Server\Server\Debug\link.16500.read.1.tlog
C:\Users\Michael\documents\visual studio 2010\Projects\Server\Server\Debug\link.16500.write.1.tlog
C:\Users\Michael\documents\visual studio 2010\Projects\Server\Server\Debug\link.16500-cvtres.read.1.tlog
C:\Users\Michael\documents\visual studio 2010\Projects\Server\Server\Debug\link.16500-cvtres.write.1.tlog
C:\Users\Michael\documents\visual studio 2010\Projects\Server\Server\Debug\link.18292.read.1.tlog
C:\Users\Michael\documents\visual studio 2010\Projects\Server\Server\Debug\link.18292.write.1.tlog
C:\Users\Michael\documents\visual studio 2010\Projects\Server\Server\Debug\link.18292-cvtres.read.1.tlog
C:\Users\Michael\documents\visual studio 2010\Projects\Server\Server\Debug\link.18292-cvtres.write.1.tlog
C:\Users\Michael\documents\visual studio 2010\Projects\Server\Server\Debug\link.22164.read.1.tlog
C:\Users\Michael\documents\visual studio 2010\Projects\Server\Server\Debug\link.22164.write.1.tlog
C:\Users\Michael\documents\visual studio 2010\Projects\Server\Server\Debug\link.28260.read.1.tlog
C:\Users\Michael\documents\visual studio 2010\Projects\Server\Server\Debug\link.28260.write.1.tlog
C:\Users\Michael\documents\visual studio 2010\Projects\Server\Server\Debug\link.28260-cvtres.read.1.tlog
C:\Users\Michael\documents\visual studio 2010\Projects\Server\Server\Debug\link.28260-cvtres.write.1.tlog
C:\Users\Michael\documents\visual studio 2010\Projects\Server\Server\Debug\link.8244.read.1.tlog
C:\Users\Michael\documents\visual studio 2010\Projects\Server\Server\Debug\link.8244.write.1.tlog
C:\Users\Michael\documents\visual studio 2010\Projects\Server\Server\Debug\link.8244-cvtres.read.1.tlog
C:\Users\Michael\documents\visual studio 2010\Projects\Server\Server\Debug\link.8244-cvtres.write.1.tlog
C:\Users\Michael\documents\visual studio 2010\Projects\Server\Server\Debug\link.8572.read.1.tlog
C:\Users\Michael\documents\visual studio 2010\Projects\Server\Server\Debug\link.8572.write.1.tlog
C:\Users\Michael\documents\visual studio 2010\Projects\Server\Server\Debug\link.8572-cvtres.read.1.tlog
C:\Users\Michael\documents\visual studio 2010\Projects\Server\Server\Debug\link.8572-cvtres.write.1.tlog
C:\Users\Michael\documents\visual studio 2010\Projects\Server\Server\Debug\link.command.1.tlog
C:\Users\Michael\documents\visual studio 2010\Projects\Server\Server\Debug\link.read.1.tlog
C:\Users\Michael\documents\visual studio 2010\Projects\Server\Server\Debug\link.write.1.tlog
C:\Users\Michael\documents\visual studio 2010\Projects\Server\Server\Debug\link-cvtres.read.1.tlog
C:\Users\Michael\documents\visual studio 2010\Projects\Server\Server\Debug\link-cvtres.write.1.tlog
C:\Users\Michael\documents\visual studio 2010\Projects\Server\Server\Debug\mt.command.1.tlog
C:\Users\Michael\documents\visual studio 2010\Projects\Server\Server\Debug\mt.read.1.tlog
C:\Users\Michael\documents\visual studio 2010\Projects\Server\Server\Debug\mt.write.1.tlog
C:\Users\Michael\documents\visual studio 2010\Projects\Server\Server\Debug\rc.command.1.tlog
C:\Users\Michael\documents\visual studio 2010\Projects\Server\Server\Debug\rc.read.1.tlog
C:\Users\Michael\documents\visual studio 2010\Projects\Server\Server\Debug\rc.write.1.tlog
C:\USERS\MICHAEL\DOCUMENTS\VISUAL STUDIO 2010\PROJECTS\SERVER\SERVER\DEBUG\SERVER.EXE.EMBED.MANIFEST
C:\USERS\MICHAEL\DOCUMENTS\VISUAL STUDIO 2010\PROJECTS\SERVER\SERVER\DEBUG\SERVER.EXE.EMBED.MANIFEST.RES
C:\USERS\MICHAEL\DOCUMENTS\VISUAL STUDIO 2010\PROJECTS\SERVER\SERVER\DEBUG\SERVER.EXE.INTERMEDIATE.MANIFEST
C:\USERS\MICHAEL\DOCUMENTS\VISUAL STUDIO 2010\PROJECTS\SERVER\SERVER\DEBUG\SERVER.OBJ
C:\USERS\MICHAEL\DOCUMENTS\VISUAL STUDIO 2010\PROJECTS\SERVER\SERVER\DEBUG\SERVER.PCH
C:\Users\Michael\documents\visual studio 2010\Projects\Server\Server\Debug\Server.vcxprojResolveAssemblyReference.cache
C:\Users\Michael\documents\visual studio 2010\Projects\Server\Server\Debug\Server.write.1.tlog
C:\Users\Michael\documents\visual studio 2010\Projects\Server\Server\Debug\Server_manifest.rc
C:\USERS\MICHAEL\DOCUMENTS\VISUAL STUDIO 2010\PROJECTS\SERVER\SERVER\DEBUG\STDAFX.OBJ
C:\Users\Michael\documents\visual studio 2010\Projects\Server\Server\Debug\vc100.idb
C:\USERS\MICHAEL\DOCUMENTS\VISUAL STUDIO 2010\PROJECTS\SERVER\SERVER\DEBUG\VC100.PDB
